0 info it worked if it ends with ok
1 verbose cli [ 'C:\\Program Files\\nodejs\\node.exe',
1 verbose cli   'D:\\Desktop\\proj\\node_modules\\npm\\bin\\npm-cli.js',
1 verbose cli   'run',
1 verbose cli   'dev' ]
2 info using npm@3.10.10
3 info using node@v10.13.0
4 verbose run-script [ 'predev', 'dev', 'postdev' ]
5 info lifecycle pixijs-webpack-starter@1.1.0~predev: pixijs-webpack-starter@1.1.0
6 silly lifecycle pixijs-webpack-starter@1.1.0~predev: no script for predev, continuing
7 info lifecycle pixijs-webpack-starter@1.1.0~dev: pixijs-webpack-starter@1.1.0
8 verbose lifecycle pixijs-webpack-starter@1.1.0~dev: unsafe-perm in lifecycle true
9 verbose lifecycle pixijs-webpack-starter@1.1.0~dev: PATH: D:\Desktop\proj\node_modules\npm\bin\node-gyp-bin;D:\Desktop\proj\node_modules\.bin;D:\Desktop\proj\node_modules\.bin;C:\Program Files (x86)\Intel\iCLS Client\;C:\ProgramData\Oracle\Java\javapath;C:\Program Files (x86)\Common Files\Intel\Shared Files\cpp\bin\Intel64;C:\Program Files\Intel\iCLS Client\;C:\WINDOWS\system32;C:\WINDOWS;C:\WINDOWS\System32\Wbem;C:\WINDOWS\System32\WindowsPowerShell\v1.0\;C:\Program Files (x86)\Skype\Phone\;C:\Program Files (x86)\Intel\Intel(R) Management Engine Components\DAL;C:\Program Files\Intel\Intel(R) Management Engine Components\DAL;C:\Program Files (x86)\Intel\Intel(R) Management Engine Components\IPT;C:\Program Files\Intel\Intel(R) Management Engine Components\IPT;C:\WINDOWS\System32\OpenSSH\;C:\Program Files\Git\cmd;C:\ProgramData\chocolatey\bin;C:\Program Files\Java\jdk1.8.0_172\bin;C:\Program Files\nodejs\;C:\Ruby25-x64\bin;C:\Users\Aghas\AppData\Local\Microsoft\WindowsApps;C:\Users\Aghas\AppData\Local\GitHubDesktop\bin;C:\Users\Aghas\AppData\Roaming\npm
10 verbose lifecycle pixijs-webpack-starter@1.1.0~dev: CWD: D:\Desktop\proj
11 silly lifecycle pixijs-webpack-starter@1.1.0~dev: Args: [ '/d /s /c', 'webpack-dev-server --content-base ./' ]
12 verbose stack Error: kill ENOSYS
12 verbose stack     at process.kill (internal/process/per_thread.js:198:13)
12 verbose stack     at process.listener (D:\Desktop\proj\node_modules\npm\node_modules\npmlog\node_modules\gauge\node_modules\signal-exit\index.js:86:15)
12 verbose stack     at process.emit (events.js:187:15)
13 verbose cwd D:\Desktop\proj
14 error Windows_NT 10.0.17134
15 error argv "C:\\Program Files\\nodejs\\node.exe" "D:\\Desktop\\proj\\node_modules\\npm\\bin\\npm-cli.js" "run" "dev"
16 error node v10.13.0
17 error npm  v3.10.10
18 error code ENOSYS
19 error errno ENOSYS
20 error syscall kill
21 error kill ENOSYS
22 error If you need help, you may report this error at:
22 error     <https://github.com/npm/npm/issues>
23 verbose exit [ 1, true ]
